# JRE version: OpenJDK Runtime Environment (8.0_152-b06) (build 1.8.0_152-release-1136-b06)
# Java VM: OpenJDK 64-Bit Server VM (25.152-b06 mixed mode linux-amd64 compressed oops)
Heap:
 PSYoungGen      total 307712K, used 17592K [0x00000000e0000000, 0x00000000f4100000, 0x0000000100000000)
  eden space 286720K, 0% used [0x00000000e0000000,0x00000000e0000000,0x00000000f1800000)
  from space 20992K, 83% used [0x00000000f1800000,0x00000000f292e378,0x00000000f2c80000)
  to   space 15872K, 0% used [0x00000000f3100000,0x00000000f3100000,0x00000000f4080000)
 ParOldGen       total 51200K, used 39123K [0x00000000a0000000, 0x00000000a3200000, 0x00000000e0000000)
  object space 51200K, 76% used [0x00000000a0000000,0x00000000a2634ce0,0x00000000a3200000)
 Metaspace       used 57119K, capacity 58896K, committed 58968K, reserved 1099776K
  class space    used 7805K, capacity 8274K, committed 8320K, reserved 1048576K
GC Heap History (10 events):
Event: 155.082 GC heap after
Heap after GC invocations=8 (full 1):
 PSYoungGen      total 128512K, used 9714K [0x00000000e0000000, 0x00000000edf00000, 0x0000000100000000)
  eden space 118784K, 0% used [0x00000000e0000000,0x00000000e0000000,0x00000000e7400000)
  from space 9728K, 99% used [0x00000000e7400000,0x00000000e7d7c8a0,0x00000000e7d80000)
  to   space 12800K, 0% used [0x00000000ed280000,0x00000000ed280000,0x00000000edf00000)
 ParOldGen       total 42496K, used 18162K [0x00000000a0000000, 0x00000000a2980000, 0x00000000e0000000)
  object space 42496K, 42% used [0x00000000a0000000,0x00000000a11bc9d0,0x00000000a2980000)
 Metaspace       used 28288K, capacity 28788K, committed 29184K, reserved 1075200K
  class space    used 3858K, capacity 4023K, committed 4096K, reserved 1048576K
}
Event: 175.421 GC heap before
{Heap before GC invocations=9 (full 1):
 PSYoungGen      total 128512K, used 128498K [0x00000000e0000000, 0x00000000edf00000, 0x0000000100000000)
  eden space 118784K, 100% used [0x00000000e0000000,0x00000000e7400000,0x00000000e7400000)
  from space 9728K, 99% used [0x00000000e7400000,0x00000000e7d7c8a0,0x00000000e7d80000)
  to   space 12800K, 0% used [0x00000000ed280000,0x00000000ed280000,0x00000000edf00000)
 ParOldGen       total 42496K, used 18162K [0x00000000a0000000, 0x00000000a2980000, 0x00000000e0000000)
  object space 42496K, 42% used [0x00000000a0000000,0x00000000a11bc9d0,0x00000000a2980000)
 Metaspace       used 28337K, capacity 28852K, committed 29184K, reserved 1075200K
  class space    used 3862K, capacity 4023K, committed 4096K, reserved 1048576K
Event: 176.975 GC heap after
Heap after GC invocations=9 (full 1):
 PSYoungGen      total 215040K, used 8528K [0x00000000e0000000, 0x00000000eea00000, 0x0000000100000000)
  eden space 202240K, 0% used [0x00000000e0000000,0x00000000e0000000,0x00000000ec580000)
  from space 12800K, 66% used [0x00000000ed280000,0x00000000edad4060,0x00000000edf00000)
  to   space 13312K, 0% used [0x00000000ec580000,0x00000000ec580000,0x00000000ed280000)
 ParOldGen       total 42496K, used 18162K [0x00000000a0000000, 0x00000000a2980000, 0x00000000e0000000)
  object space 42496K, 42% used [0x00000000a0000000,0x00000000a11bc9d0,0x00000000a2980000)
 Metaspace       used 28337K, capacity 28852K, committed 29184K, reserved 1075200K
  class space    used 3862K, capacity 4023K, committed 4096K, reserved 1048576K
}
Event: 222.374 GC heap before
{Heap before GC invocations=10 (full 1):
 PSYoungGen      total 215040K, used 170032K [0x00000000e0000000, 0x00000000eea00000, 0x0000000100000000)
  eden space 202240K, 79% used [0x00000000e0000000,0x00000000e9db7fc8,0x00000000ec580000)
  from space 12800K, 66% used [0x00000000ed280000,0x00000000edad4060,0x00000000edf00000)
  to   space 13312K, 0% used [0x00000000ec580000,0x00000000ec580000,0x00000000ed280000)
 ParOldGen       total 42496K, used 18162K [0x00000000a0000000, 0x00000000a2980000, 0x00000000e0000000)
  object space 42496K, 42% used [0x00000000a0000000,0x00000000a11bc9d0,0x00000000a2980000)
 Metaspace       used 34434K, capacity 35262K, committed 35416K, reserved 1079296K
  class space    used 4725K, capacity 4965K, committed 4992K, reserved 1048576K
Event: 223.390 GC heap after
Heap after GC invocations=10 (full 1):
 PSYoungGen      total 215552K, used 13301K [0x00000000e0000000, 0x00000000f4080000, 0x0000000100000000)
  eden space 202240K, 0% used [0x00000000e0000000,0x00000000e0000000,0x00000000ec580000)
  from space 13312K, 99% used [0x00000000ec580000,0x00000000ed27d5a8,0x00000000ed280000)
  to   space 15872K, 0% used [0x00000000f3100000,0x00000000f3100000,0x00000000f4080000)
 ParOldGen       total 42496K, used 19770K [0x00000000a0000000, 0x00000000a2980000, 0x00000000e0000000)
  object space 42496K, 46% used [0x00000000a0000000,0x00000000a134ebe8,0x00000000a2980000)
 Metaspace       used 34434K, capacity 35262K, committed 35416K, reserved 1079296K
  class space    used 4725K, capacity 4965K, committed 4992K, reserved 1048576K
}
Event: 223.390 GC heap before
{Heap before GC invocations=11 (full 2):
 PSYoungGen      total 215552K, used 13301K [0x00000000e0000000, 0x00000000f4080000, 0x0000000100000000)
  eden space 202240K, 0% used [0x00000000e0000000,0x00000000e0000000,0x00000000ec580000)
  from space 13312K, 99% used [0x00000000ec580000,0x00000000ed27d5a8,0x00000000ed280000)
  to   space 15872K, 0% used [0x00000000f3100000,0x00000000f3100000,0x00000000f4080000)
 ParOldGen       total 42496K, used 19770K [0x00000000a0000000, 0x00000000a2980000, 0x00000000e0000000)
  object space 42496K, 46% used [0x00000000a0000000,0x00000000a134ebe8,0x00000000a2980000)
 Metaspace       used 34434K, capacity 35262K, committed 35416K, reserved 1079296K
  class space    used 4725K, capacity 4965K, committed 4992K, reserved 1048576K
Event: 224.540 GC heap after
Heap after GC invocations=11 (full 2):
 PSYoungGen      total 215552K, used 0K [0x00000000e0000000, 0x00000000f4080000, 0x0000000100000000)
  eden space 202240K, 0% used [0x00000000e0000000,0x00000000e0000000,0x00000000ec580000)
  from space 13312K, 0% used [0x00000000ec580000,0x00000000ec580000,0x00000000ed280000)
  to   space 15872K, 0% used [0x00000000f3100000,0x00000000f3100000,0x00000000f4080000)
 ParOldGen       total 51200K, used 20829K [0x00000000a0000000, 0x00000000a3200000, 0x00000000e0000000)
  object space 51200K, 40% used [0x00000000a0000000,0x00000000a1457738,0x00000000a3200000)
 Metaspace       used 34383K, capacity 35130K, committed 35416K, reserved 1079296K
  class space    used 4712K, capacity 4921K, committed 4992K, reserved 1048576K
}
Event: 296.120 GC heap before
{Heap before GC invocations=12 (full 2):
 PSYoungGen      total 215552K, used 202240K [0x00000000e0000000, 0x00000000f4080000, 0x0000000100000000)
  eden space 202240K, 100% used [0x00000000e0000000,0x00000000ec580000,0x00000000ec580000)
  from space 13312K, 0% used [0x00000000ec580000,0x00000000ec580000,0x00000000ed280000)
  to   space 15872K, 0% used [0x00000000f3100000,0x00000000f3100000,0x00000000f4080000)
 ParOldGen       total 51200K, used 20829K [0x00000000a0000000, 0x00000000a3200000, 0x00000000e0000000)
  object space 51200K, 40% used [0x00000000a0000000,0x00000000a1457738,0x00000000a3200000)
 Metaspace       used 53374K, capacity 54886K, committed 55256K, reserved 1097728K
  class space    used 7218K, capacity 7603K, committed 7680K, reserved 1048576K
Event: 296.637 GC heap after
Heap after GC invocations=12 (full 2):
 PSYoungGen      total 302592K, used 15865K [0x00000000e0000000, 0x00000000f4100000, 0x0000000100000000)
  eden space 286720K, 0% used [0x00000000e0000000,0x00000000e0000000,0x00000000f1800000)
  from space 15872K, 99% used [0x00000000f3100000,0x00000000f407e538,0x00000000f4080000)
  to   space 20992K, 0% used [0x00000000f1800000,0x00000000f1800000,0x00000000f2c80000)
 ParOldGen       total 51200K, used 27607K [0x00000000a0000000, 0x00000000a3200000, 0x00000000e0000000)
  object space 51200K, 53% used [0x00000000a0000000,0x00000000a1af5f80,0x00000000a3200000)
 Metaspace       used 53374K, capacity 54886K, committed 55256K, reserved 1097728K
  class space    used 7218K, capacity 7603K, committed 7680K, reserved 1048576K
}
Event: 330.580 GC heap before
{Heap before GC invocations=13 (full 2):
 PSYoungGen      total 302592K, used 179959K [0x00000000e0000000, 0x00000000f4100000, 0x0000000100000000)
  eden space 286720K, 57% used [0x00000000e0000000,0x00000000ea03f910,0x00000000f1800000)
  from space 15872K, 99% used [0x00000000f3100000,0x00000000f407e538,0x00000000f4080000)
  to   space 20992K, 0% used [0x00000000f1800000,0x00000000f1800000,0x00000000f2c80000)
 ParOldGen       total 51200K, used 27607K [0x00000000a0000000, 0x00000000a3200000, 0x00000000e0000000)
  object space 51200K, 53% used [0x00000000a0000000,0x00000000a1af5f80,0x00000000a3200000)
 Metaspace       used 57119K, capacity 58896K, committed 58968K, reserved 1099776K
  class space    used 7805K, capacity 8274K, committed 8320K, reserved 1048576K

